<?xml version="1.0" encoding="UTF-8"?>
<testsuite name="sv.com.eshop.core.entities.CatalogTypeTest" tests="3" skipped="0" failures="0" errors="0" timestamp="2025-12-24T15:13:15.457Z" hostname="DESKTOP-13NSD1A" time="0.057">
  <properties/>
  <testcase name="CatalogType cannot be empty" classname="sv.com.eshop.core.entities.CatalogTypeTest" time="0.041"/>
  <testcase name="Should create a CatalogType with a valid ID and type" classname="sv.com.eshop.core.entities.CatalogTypeTest" time="0.004"/>
  <testcase name="Each CatalogType should have a unique identifier" classname="sv.com.eshop.core.entities.CatalogTypeTest" time="0.009"/>
  <system-out><![CDATA[]]></system-out>
  <system-err><![CDATA[]]></system-err>
</testsuite>
