<?xml version="1.0" encoding="UTF-8"?>
<testsuite name="Constructor and Validation" tests="4" skipped="0" failures="0" errors="0" timestamp="2025-12-25T00:43:55.519Z" hostname="DESKTOP-13NSD1A" time="0.055">
  <properties/>
  <testcase name="Should create a valid address when all required fields are provided" classname="sv.com.eshop.core.AddressTest$Validation" time="0.003"/>
  <testcase name="[1] null, Street, City" classname="sv.com.eshop.core.AddressTest$Validation" time="0.009"/>
  <testcase name="[2] 50301, null, City" classname="sv.com.eshop.core.AddressTest$Validation" time="0.001"/>
  <testcase name="[3] 50301, Street, null" classname="sv.com.eshop.core.AddressTest$Validation" time="0.001"/>
  <system-out><![CDATA[]]></system-out>
  <system-err><![CDATA[]]></system-err>
</testsuite>
